# JRE version: Java(TM) SE Runtime Environment (12.0.1+12) (build 12.0.1+12)
# Java VM: Java HotSpot(TM) 64-Bit Server VM (12.0.1+12, mixed mode, sharing, tiered, compressed oops, g1 gc, windows-amd64)
Heap:
 garbage-first heap   total 78848K, used 47245K [0x00000000c0000000, 0x0000000100000000)
  region size 1024K, 42 young (43008K), 4 survivors (4096K)
 Metaspace       used 18730K, capacity 19227K, committed 19584K, reserved 1067008K
  class space    used 2385K, capacity 2565K, committed 2688K, reserved 1048576K
GC Heap History (10 events):
Event: 1.189 GC heap before
{Heap before GC invocations=1 (full 0):
 garbage-first heap   total 65536K, used 8650K [0x00000000c0000000, 0x0000000100000000)
  region size 1024K, 4 young (4096K), 1 survivors (1024K)
 Metaspace       used 2009K, capacity 5063K, committed 5120K, reserved 1056768K
  class space    used 188K, capacity 474K, committed 512K, reserved 1048576K
}
Event: 1.193 GC heap after
{Heap after GC invocations=2 (full 0):
 garbage-first heap   total 65536K, used 6139K [0x00000000c0000000, 0x0000000100000000)
  region size 1024K, 1 young (1024K), 1 survivors (1024K)
 Metaspace       used 2009K, capacity 5063K, committed 5120K, reserved 1056768K
  class space    used 188K, capacity 474K, committed 512K, reserved 1048576K
}
Event: 1.837 GC heap before
{Heap before GC invocations=2 (full 0):
 garbage-first heap   total 65536K, used 16379K [0x00000000c0000000, 0x0000000100000000)
  region size 1024K, 11 young (11264K), 1 survivors (1024K)
 Metaspace       used 4286K, capacity 6499K, committed 6656K, reserved 1056768K
  class space    used 458K, capacity 678K, committed 768K, reserved 1048576K
}
Event: 1.843 GC heap after
{Heap after GC invocations=3 (full 0):
 garbage-first heap   total 65536K, used 6965K [0x00000000c0000000, 0x0000000100000000)
  region size 1024K, 2 young (2048K), 2 survivors (2048K)
 Metaspace       used 4286K, capacity 6499K, committed 6656K, reserved 1056768K
  class space    used 458K, capacity 678K, committed 768K, reserved 1048576K
}
Event: 1.939 GC heap before
{Heap before GC invocations=3 (full 0):
 garbage-first heap   total 65536K, used 20277K [0x00000000c0000000, 0x0000000100000000)
  region size 1024K, 16 young (16384K), 2 survivors (2048K)
 Metaspace       used 4442K, capacity 6522K, committed 6656K, reserved 1056768K
  class space    used 477K, capacity 686K, committed 768K, reserved 1048576K
}
Event: 1.945 GC heap after
{Heap after GC invocations=4 (full 0):
 garbage-first heap   total 65536K, used 7240K [0x00000000c0000000, 0x0000000100000000)
  region size 1024K, 2 young (2048K), 2 survivors (2048K)
 Metaspace       used 4442K, capacity 6522K, committed 6656K, reserved 1056768K
  class space    used 477K, capacity 686K, committed 768K, reserved 1048576K
}
Event: 2.041 GC heap before
{Heap before GC invocations=4 (full 0):
 garbage-first heap   total 65536K, used 31816K [0x00000000c0000000, 0x0000000100000000)
  region size 1024K, 27 young (27648K), 2 survivors (2048K)
 Metaspace       used 4502K, capacity 6525K, committed 6656K, reserved 1056768K
  class space    used 484K, capacity 687K, committed 768K, reserved 1048576K
}
Event: 2.046 GC heap after
{Heap after GC invocations=5 (full 0):
 garbage-first heap   total 78848K, used 7115K [0x00000000c0000000, 0x0000000100000000)
  region size 1024K, 1 young (1024K), 1 survivors (1024K)
 Metaspace       used 4502K, capacity 6525K, committed 6656K, reserved 1056768K
  class space    used 484K, capacity 687K, committed 768K, reserved 1048576K
}
Event: 3.304 GC heap before
{Heap before GC invocations=5 (full 0):
 garbage-first heap   total 78848K, used 52171K [0x00000000c0000000, 0x0000000100000000)
  region size 1024K, 46 young (47104K), 1 survivors (1024K)
 Metaspace       used 11687K, capacity 12119K, committed 12160K, reserved 1060864K
  class space    used 1497K, capacity 1626K, committed 1664K, reserved 1048576K
}
Event: 3.317 GC heap after
{Heap after GC invocations=6 (full 0):
 garbage-first heap   total 78848K, used 9357K [0x00000000c0000000, 0x0000000100000000)
  region size 1024K, 4 young (4096K), 4 survivors (4096K)
 Metaspace       used 11687K, capacity 12119K, committed 12160K, reserved 1060864K
  class space    used 1497K, capacity 1626K, committed 1664K, reserved 1048576K
}

