# JRE version: Java(TM) SE Runtime Environment (12.0.1+12) (build 12.0.1+12)
# Java VM: Java HotSpot(TM) 64-Bit Server VM (12.0.1+12, mixed mode, sharing, tiered, compressed oops, g1 gc, windows-amd64)
Heap:
 garbage-first heap   total 95232K, used 48080K [0x00000000c0000000, 0x0000000100000000)
  region size 1024K, 19 young (19456K), 1 survivors (1024K)
 Metaspace       used 62659K, capacity 64316K, committed 64504K, reserved 1105920K
  class space    used 7968K, capacity 8595K, committed 8696K, reserved 1048576K
GC Heap History (10 events):
Event: 24630.777 GC heap before
{Heap before GC invocations=75 (full 0):
 garbage-first heap   total 95232K, used 80644K [0x00000000c0000000, 0x0000000100000000)
  region size 1024K, 50 young (51200K), 1 survivors (1024K)
 Metaspace       used 62638K, capacity 64252K, committed 64504K, reserved 1105920K
  class space    used 7968K, capacity 8595K, committed 8696K, reserved 1048576K
}
Event: 24630.781 GC heap after
{Heap after GC invocations=76 (full 0):
 garbage-first heap   total 95232K, used 30503K [0x00000000c0000000, 0x0000000100000000)
  region size 1024K, 1 young (1024K), 1 survivors (1024K)
 Metaspace       used 62638K, capacity 64252K, committed 64504K, reserved 1105920K
  class space    used 7968K, capacity 8595K, committed 8696K, reserved 1048576K
}
Event: 25210.875 GC heap before
{Heap before GC invocations=76 (full 0):
 garbage-first heap   total 95232K, used 80679K [0x00000000c0000000, 0x0000000100000000)
  region size 1024K, 50 young (51200K), 1 survivors (1024K)
 Metaspace       used 62647K, capacity 64252K, committed 64504K, reserved 1105920K
  class space    used 7968K, capacity 8595K, committed 8696K, reserved 1048576K
}
Event: 25210.878 GC heap after
{Heap after GC invocations=77 (full 0):
 garbage-first heap   total 95232K, used 30663K [0x00000000c0000000, 0x0000000100000000)
  region size 1024K, 1 young (1024K), 1 survivors (1024K)
 Metaspace       used 62647K, capacity 64252K, committed 64504K, reserved 1105920K
  class space    used 7968K, capacity 8595K, committed 8696K, reserved 1048576K
}
Event: 25827.658 GC heap before
{Heap before GC invocations=77 (full 0):
 garbage-first heap   total 95232K, used 80839K [0x00000000c0000000, 0x0000000100000000)
  region size 1024K, 50 young (51200K), 1 survivors (1024K)
 Metaspace       used 62647K, capacity 64252K, committed 64504K, reserved 1105920K
  class space    used 7968K, capacity 8595K, committed 8696K, reserved 1048576K
}
Event: 25827.662 GC heap after
{Heap after GC invocations=78 (full 0):
 garbage-first heap   total 95232K, used 30460K [0x00000000c0000000, 0x0000000100000000)
  region size 1024K, 1 young (1024K), 1 survivors (1024K)
 Metaspace       used 62647K, capacity 64252K, committed 64504K, reserved 1105920K
  class space    used 7968K, capacity 8595K, committed 8696K, reserved 1048576K
}
Event: 26441.076 GC heap before
{Heap before GC invocations=78 (full 0):
 garbage-first heap   total 95232K, used 80636K [0x00000000c0000000, 0x0000000100000000)
  region size 1024K, 50 young (51200K), 1 survivors (1024K)
 Metaspace       used 62647K, capacity 64252K, committed 64504K, reserved 1105920K
  class space    used 7968K, capacity 8595K, committed 8696K, reserved 1048576K
}
Event: 26441.080 GC heap after
{Heap after GC invocations=79 (full 0):
 garbage-first heap   total 95232K, used 30488K [0x00000000c0000000, 0x0000000100000000)
  region size 1024K, 1 young (1024K), 1 survivors (1024K)
 Metaspace       used 62647K, capacity 64252K, committed 64504K, reserved 1105920K
  class space    used 7968K, capacity 8595K, committed 8696K, reserved 1048576K
}
Event: 27017.921 GC heap before
{Heap before GC invocations=79 (full 0):
 garbage-first heap   total 95232K, used 80664K [0x00000000c0000000, 0x0000000100000000)
  region size 1024K, 50 young (51200K), 1 survivors (1024K)
 Metaspace       used 62659K, capacity 64316K, committed 64504K, reserved 1105920K
  class space    used 7968K, capacity 8595K, committed 8696K, reserved 1048576K
}
Event: 27017.925 GC heap after
{Heap after GC invocations=80 (full 0):
 garbage-first heap   total 95232K, used 30672K [0x00000000c0000000, 0x0000000100000000)
  region size 1024K, 1 young (1024K), 1 survivors (1024K)
 Metaspace       used 62659K, capacity 64316K, committed 64504K, reserved 1105920K
  class space    used 7968K, capacity 8595K, committed 8696K, reserved 1048576K
}

