# JRE version: Java(TM) SE Runtime Environment (12.0.1+12) (build 12.0.1+12)
# Java VM: Java HotSpot(TM) 64-Bit Server VM (12.0.1+12, mixed mode, sharing, tiered, compressed oops, g1 gc, windows-amd64)
Heap:
 garbage-first heap   total 89088K, used 66663K [0x00000000c0000000, 0x0000000100000000)
  region size 1024K, 37 young (37888K), 1 survivors (1024K)
 Metaspace       used 62549K, capacity 64144K, committed 64512K, reserved 1105920K
  class space    used 7958K, capacity 8579K, committed 8704K, reserved 1048576K
GC Heap History (10 events):
Event: 70463.021 GC heap before
{Heap before GC invocations=164 (full 0):
 garbage-first heap   total 89088K, used 75914K [0x00000000c0000000, 0x0000000100000000)
  region size 1024K, 45 young (46080K), 1 survivors (1024K)
 Metaspace       used 62506K, capacity 64144K, committed 64512K, reserved 1105920K
  class space    used 7958K, capacity 8579K, committed 8704K, reserved 1048576K
}
Event: 70463.024 GC heap after
{Heap after GC invocations=165 (full 0):
 garbage-first heap   total 89088K, used 30818K [0x00000000c0000000, 0x0000000100000000)
  region size 1024K, 1 young (1024K), 1 survivors (1024K)
 Metaspace       used 62506K, capacity 64144K, committed 64512K, reserved 1105920K
  class space    used 7958K, capacity 8579K, committed 8704K, reserved 1048576K
}
Event: 70999.966 GC heap before
{Heap before GC invocations=165 (full 0):
 garbage-first heap   total 89088K, used 75874K [0x00000000c0000000, 0x0000000100000000)
  region size 1024K, 45 young (46080K), 1 survivors (1024K)
 Metaspace       used 62517K, capacity 64144K, committed 64512K, reserved 1105920K
  class space    used 7958K, capacity 8579K, committed 8704K, reserved 1048576K
}
Event: 70999.969 GC heap after
{Heap after GC invocations=166 (full 0):
 garbage-first heap   total 89088K, used 30827K [0x00000000c0000000, 0x0000000100000000)
  region size 1024K, 1 young (1024K), 1 survivors (1024K)
 Metaspace       used 62517K, capacity 64144K, committed 64512K, reserved 1105920K
  class space    used 7958K, capacity 8579K, committed 8704K, reserved 1048576K
}
Event: 71515.042 GC heap before
{Heap before GC invocations=166 (full 0):
 garbage-first heap   total 89088K, used 75883K [0x00000000c0000000, 0x0000000100000000)
  region size 1024K, 45 young (46080K), 1 survivors (1024K)
 Metaspace       used 62517K, capacity 64144K, committed 64512K, reserved 1105920K
  class space    used 7958K, capacity 8579K, committed 8704K, reserved 1048576K
}
Event: 71515.046 GC heap after
{Heap after GC invocations=167 (full 0):
 garbage-first heap   total 89088K, used 30910K [0x00000000c0000000, 0x0000000100000000)
  region size 1024K, 1 young (1024K), 1 survivors (1024K)
 Metaspace       used 62517K, capacity 64144K, committed 64512K, reserved 1105920K
  class space    used 7958K, capacity 8579K, committed 8704K, reserved 1048576K
}
Event: 72057.700 GC heap before
{Heap before GC invocations=167 (full 0):
 garbage-first heap   total 89088K, used 75966K [0x00000000c0000000, 0x0000000100000000)
  region size 1024K, 45 young (46080K), 1 survivors (1024K)
 Metaspace       used 62517K, capacity 64144K, committed 64512K, reserved 1105920K
  class space    used 7958K, capacity 8579K, committed 8704K, reserved 1048576K
}
Event: 72057.703 GC heap after
{Heap after GC invocations=168 (full 0):
 garbage-first heap   total 89088K, used 30829K [0x00000000c0000000, 0x0000000100000000)
  region size 1024K, 1 young (1024K), 1 survivors (1024K)
 Metaspace       used 62517K, capacity 64144K, committed 64512K, reserved 1105920K
  class space    used 7958K, capacity 8579K, committed 8704K, reserved 1048576K
}
Event: 72595.256 GC heap before
{Heap before GC invocations=168 (full 0):
 garbage-first heap   total 89088K, used 75885K [0x00000000c0000000, 0x0000000100000000)
  region size 1024K, 45 young (46080K), 1 survivors (1024K)
 Metaspace       used 62517K, capacity 64144K, committed 64512K, reserved 1105920K
  class space    used 7958K, capacity 8579K, committed 8704K, reserved 1048576K
}
Event: 72595.259 GC heap after
{Heap after GC invocations=169 (full 0):
 garbage-first heap   total 89088K, used 30823K [0x00000000c0000000, 0x0000000100000000)
  region size 1024K, 1 young (1024K), 1 survivors (1024K)
 Metaspace       used 62517K, capacity 64144K, committed 64512K, reserved 1105920K
  class space    used 7958K, capacity 8579K, committed 8704K, reserved 1048576K
}

