# JRE version: Java(TM) SE Runtime Environment (12.0.1+12) (build 12.0.1+12)
# Java VM: Java HotSpot(TM) 64-Bit Server VM (12.0.1+12, mixed mode, sharing, tiered, compressed oops, g1 gc, windows-amd64)
Heap:
 garbage-first heap   total 84992K, used 35594K [0x00000000c0000000, 0x0000000100000000)
  region size 1024K, 10 young (10240K), 3 survivors (3072K)
 Metaspace       used 59535K, capacity 61166K, committed 61432K, reserved 1101824K
  class space    used 7743K, capacity 8360K, committed 8440K, reserved 1048576K
GC Heap History (10 events):
Event: 17.154 GC heap before
{Heap before GC invocations=22 (full 0):
 garbage-first heap   total 70656K, used 49453K [0x00000000c0000000, 0x0000000100000000)
  region size 1024K, 29 young (29696K), 2 survivors (2048K)
 Metaspace       used 51601K, capacity 52860K, committed 52992K, reserved 1095680K
  class space    used 6793K, capacity 7320K, committed 7424K, reserved 1048576K
}
Event: 17.171 GC heap after
{Heap after GC invocations=23 (full 0):
 garbage-first heap   total 70656K, used 23616K [0x00000000c0000000, 0x0000000100000000)
  region size 1024K, 4 young (4096K), 4 survivors (4096K)
 Metaspace       used 51601K, capacity 52860K, committed 52992K, reserved 1095680K
  class space    used 6793K, capacity 7320K, committed 7424K, reserved 1048576K
}
Event: 18.149 GC heap before
{Heap before GC invocations=23 (full 0):
 garbage-first heap   total 70656K, used 51264K [0x00000000c0000000, 0x0000000100000000)
  region size 1024K, 31 young (31744K), 4 survivors (4096K)
 Metaspace       used 54017K, capacity 55368K, committed 55552K, reserved 1097728K
  class space    used 7050K, capacity 7579K, committed 7680K, reserved 1048576K
}
Event: 18.166 GC heap after
{Heap after GC invocations=24 (full 0):
 garbage-first heap   total 70656K, used 25324K [0x00000000c0000000, 0x0000000100000000)
  region size 1024K, 4 young (4096K), 4 survivors (4096K)
 Metaspace       used 54017K, capacity 55368K, committed 55552K, reserved 1097728K
  class space    used 7050K, capacity 7579K, committed 7680K, reserved 1048576K
}
Event: 18.894 GC heap before
{Heap before GC invocations=24 (full 0):
 garbage-first heap   total 70656K, used 52972K [0x00000000c0000000, 0x0000000100000000)
  region size 1024K, 31 young (31744K), 4 survivors (4096K)
 Metaspace       used 54457K, capacity 55825K, committed 56064K, reserved 1097728K
  class space    used 7068K, capacity 7591K, committed 7680K, reserved 1048576K
}
Event: 18.926 GC heap after
{Heap after GC invocations=25 (full 0):
 garbage-first heap   total 70656K, used 26451K [0x00000000c0000000, 0x0000000100000000)
  region size 1024K, 3 young (3072K), 3 survivors (3072K)
 Metaspace       used 54457K, capacity 55825K, committed 56064K, reserved 1097728K
  class space    used 7068K, capacity 7591K, committed 7680K, reserved 1048576K
}
Event: 20.639 GC heap before
{Heap before GC invocations=25 (full 0):
 garbage-first heap   total 70656K, used 54099K [0x00000000c0000000, 0x0000000100000000)
  region size 1024K, 30 young (30720K), 3 survivors (3072K)
 Metaspace       used 56924K, capacity 58422K, committed 58752K, reserved 1099776K
  class space    used 7404K, capacity 7980K, committed 8064K, reserved 1048576K
}
Event: 20.678 GC heap after
{Heap after GC invocations=26 (full 0):
 garbage-first heap   total 84992K, used 28495K [0x00000000c0000000, 0x0000000100000000)
  region size 1024K, 4 young (4096K), 4 survivors (4096K)
 Metaspace       used 56924K, capacity 58422K, committed 58752K, reserved 1099776K
  class space    used 7404K, capacity 7980K, committed 8064K, reserved 1048576K
}
Event: 24.446 GC heap before
{Heap before GC invocations=26 (full 0):
 garbage-first heap   total 84992K, used 40783K [0x00000000c0000000, 0x0000000100000000)
  region size 1024K, 17 young (17408K), 4 survivors (4096K)
 Metaspace       used 58228K, capacity 59834K, committed 59904K, reserved 1101824K
  class space    used 7554K, capacity 8172K, committed 8192K, reserved 1048576K
}
Event: 24.461 GC heap after
{Heap after GC invocations=27 (full 0):
 garbage-first heap   total 84992K, used 29450K [0x00000000c0000000, 0x0000000100000000)
  region size 1024K, 3 young (3072K), 3 survivors (3072K)
 Metaspace       used 58228K, capacity 59834K, committed 59904K, reserved 1101824K
  class space    used 7554K, capacity 8172K, committed 8192K, reserved 1048576K
}

